Removed Pin From Net: NetName=GND Pin=+12-1
Removed Pin From Net: NetName=+12V Pin=+12-2
Removed Pin From Net: NetName=-12V Pin=-12-1
Removed Pin From Net: NetName=GND Pin=-12-2
Removed Member From Class: ClassName=LIA Member=+12
Removed Member From Class: ClassName=LIA Member=-12
Added Component: Designator=C14(0603C)
Added Component: Designator=C15(0603C)
Added Component: Designator=C16(0603C)
Added Component: Designator=C17(0603C)
Added Component: Designator=C18(0603C)
Added Component: Designator=C19(0603C)
Added Component: Designator=J1(Pin HDR1X8/2.54mm-S)
Added Component: Designator=R39(0603R)
Added Component: Designator=R40(0603R)
Added Component: Designator=TP7(TP)
Added Component: Designator=TP8(TP)
Added Pin To Net: NetName=+12V Pin=C14-1
Added Pin To Net: NetName=GND Pin=C14-2
Added Pin To Net: NetName=+12V Pin=C15-1
Added Pin To Net: NetName=GND Pin=C15-2
Added Pin To Net: NetName=-12V Pin=C16-1
Added Pin To Net: NetName=GND Pin=C16-2
Added Pin To Net: NetName=-12V Pin=C17-1
Added Pin To Net: NetName=GND Pin=C17-2
Added Pin To Net: NetName=+12V Pin=C18-1
Added Pin To Net: NetName=GND Pin=C18-2
Added Pin To Net: NetName=-12V Pin=C19-1
Added Pin To Net: NetName=GND Pin=C19-2
Added Pin To Net: NetName=-12V Pin=J1-1
Added Pin To Net: NetName=-12V Pin=J1-2
Added Pin To Net: NetName=GND Pin=J1-4
Added Pin To Net: NetName=GND Pin=J1-5
Added Pin To Net: NetName=+12V Pin=J1-7
Added Pin To Net: NetName=+12V Pin=J1-8
Added Pin To Net: NetName=NetR39_1 Pin=R39-1
Added Pin To Net: NetName=NetR39_1 Pin=R40-2
Added Pin To Net: NetName=NetR39_1 Pin=U3-6
Added Net: Name=NetR39_1
Added Pin To Net: NetName=NetR39_2 Pin=R39-2
Added Pin To Net: NetName=NetR39_2 Pin=TP7-1
Added Pin To Net: NetName=NetR39_2 Pin=U3-7
Added Net: Name=NetR39_2
Added Pin To Net: NetName=NetR40_1 Pin=R40-1
Added Pin To Net: NetName=NetR40_1 Pin=TP8-1
Added Net: Name=NetR40_1
Added Member To Class: ClassName=LIA Member=Component C14 0.1uF
Added Member To Class: ClassName=LIA Member=Component C15 0.1uF
Added Member To Class: ClassName=LIA Member=Component C16 0.1uF
Added Member To Class: ClassName=LIA Member=Component C17 0.1uF
Added Member To Class: ClassName=LIA Member=Component C18 0.1uF
Added Member To Class: ClassName=LIA Member=Component C19 0.1uF
Added Member To Class: ClassName=LIA Member=Component J1 Pin HDR1X8
Added Member To Class: ClassName=LIA Member=Component R39 1K
Added Member To Class: ClassName=LIA Member=Component R40 1K
Added Member To Class: ClassName=LIA Member=Component TP7 ≤‚ ‘µ„
Added Member To Class: ClassName=LIA Member=Component TP8 ≤‚ ‘µ„
