Added Component: Designator=C1(0603C)
Added Component: Designator=C2(0603C)
Added Component: Designator=C3(0603C)
Added Component: Designator=C4(0603C)
Added Component: Designator=C5(0603C)
Added Component: Designator=C6(DIP-7)
Added Component: Designator=C7(DIP-7)
Added Component: Designator=C8(DIP-7)
Added Component: Designator=C9(DIP-7)
Added Component: Designator=C10(0603C)
Added Component: Designator=C11(0603C)
Added Component: Designator=C12(0603C)
Added Component: Designator=C13(0603C)
Added Component: Designator=C20(0603C)
Added Component: Designator=C21(0603C)
Added Component: Designator=C22(0603C)
Added Component: Designator=C23(0603C)
Added Component: Designator=C24(0603C)
Added Component: Designator=C25(0603C)
Added Component: Designator=C26(0603C)
Added Component: Designator=C27(0603C)
Added Component: Designator=C28(0603C)
Added Component: Designator=C29(0603C)
Added Component: Designator=D1(LED-0805R)
Added Component: Designator=D2(LED-0805R)
Added Component: Designator=D3(LED-0805Y)
Added Component: Designator=EC1(SMD-EC5.0X5.3X5.4)
Added Component: Designator=EC2(SMD-EC5.0X5.3X5.4)
Added Component: Designator=J1(Pin HDR1X2/2.54mm-S)
Added Component: Designator=J2(Pin HDR1X2/2.54mm-S)
Added Component: Designator=J4(Pin HDR1X20/2.54mm-S)
Added Component: Designator=J5(Pin HDR1X20/2.54mm-S)
Added Component: Designator=J6(Pin HDR1X2/2.54mm-S)
Added Component: Designator=J7(Pin HDR1X3/2.54mm-S)
Added Component: Designator=K1(SMD-3X6X2.5)
Added Component: Designator=R1(0603R)
Added Component: Designator=R2(0603R)
Added Component: Designator=R3(0603R)
Added Component: Designator=R4(0603R)
Added Component: Designator=R5(0603R)
Added Component: Designator=R6(LONG)
Added Component: Designator=R7(0603R)
Added Component: Designator=R8(LONG)
Added Component: Designator=R9(0603R)
Added Component: Designator=R10(0603R)
Added Component: Designator=R11(0603R)
Added Component: Designator=R12(0603R)
Added Component: Designator=R13(0603R)
Added Component: Designator=R14(0603R)
Added Component: Designator=R15(LONG)
Added Component: Designator=R16(LONG)
Added Component: Designator=R17(LONG)
Added Component: Designator=R18(0603R)
Added Component: Designator=R19(0603R)
Added Component: Designator=R20(0603R)
Added Component: Designator=R21(0603R)
Added Component: Designator=R22(0603R)
Added Component: Designator=R23(0603R)
Added Component: Designator=R24(0603R)
Added Component: Designator=R25(0603R)
Added Component: Designator=R26(0603R)
Added Component: Designator=R27(0603R)
Added Component: Designator=R28(0603R)
Added Component: Designator=R29(0603R)
Added Component: Designator=R30(0603R)
Added Component: Designator=R31(0603R)
Added Component: Designator=R32(0603R)
Added Component: Designator=R33(0603R)
Added Component: Designator=R34(0603R)
Added Component: Designator=R35(0603R)
Added Component: Designator=TP1(TP)
Added Component: Designator=TP2(TP)
Added Component: Designator=TP3(TP)
Added Component: Designator=TP4(TP)
Added Component: Designator=TP5(TP)
Added Component: Designator=TP6(TP)
Added Component: Designator=U1(TO252)
Added Component: Designator=U2(SOT223)
Added Component: Designator=U3(SOP8)
Added Component: Designator=U4(SOP8)
Added Component: Designator=U5(SOP8)
Added Component: Designator=U9(LQFP48 7X7)
Added Component: Designator=X2(OSC MC-306)
Added Component: Designator=X3(OSC HC-49S)
Added Component: Designator=XH1(XH4/2.54mm/180)
Added Pin To Net: NetName=+3V3 Pin=C4-2
Added Pin To Net: NetName=+3V3 Pin=C20-2
Added Pin To Net: NetName=+3V3 Pin=C24-2
Added Pin To Net: NetName=+3V3 Pin=C25-2
Added Pin To Net: NetName=+3V3 Pin=C26-2
Added Pin To Net: NetName=+3V3 Pin=C27-2
Added Pin To Net: NetName=+3V3 Pin=D3-A
Added Pin To Net: NetName=+3V3 Pin=J2-2
Added Pin To Net: NetName=+3V3 Pin=J4-2
Added Pin To Net: NetName=+3V3 Pin=J5-1
Added Pin To Net: NetName=+3V3 Pin=J7-1
Added Pin To Net: NetName=+3V3 Pin=R28-1
Added Pin To Net: NetName=+3V3 Pin=R29-2
Added Pin To Net: NetName=+3V3 Pin=U2-2
Added Pin To Net: NetName=+3V3 Pin=U2-2
Added Pin To Net: NetName=+3V3 Pin=U9-21
Added Pin To Net: NetName=+3V3 Pin=U9-24
Added Pin To Net: NetName=+3V3 Pin=U9-36
Added Pin To Net: NetName=+3V3 Pin=U9-48
Added Pin To Net: NetName=+3V3 Pin=XH1-4
Added Net: Name=+3V3
Added Pin To Net: NetName=+5V Pin=C2-2
Added Pin To Net: NetName=+5V Pin=C3-2
Added Pin To Net: NetName=+5V Pin=U1-3
Added Pin To Net: NetName=+5V Pin=U2-3
Added Net: Name=+5V
Added Pin To Net: NetName=+12V Pin=C5-2
Added Pin To Net: NetName=+12V Pin=D1-A
Added Pin To Net: NetName=+12V Pin=EC1-1
Added Pin To Net: NetName=+12V Pin=J6-2
Added Pin To Net: NetName=+12V Pin=R1-1
Added Pin To Net: NetName=+12V Pin=U3-8
Added Pin To Net: NetName=+12V Pin=U4-8
Added Pin To Net: NetName=+12V Pin=U5-8
Added Net: Name=+12V
Added Pin To Net: NetName=-12V Pin=C10-1
Added Pin To Net: NetName=-12V Pin=EC2-2
Added Pin To Net: NetName=-12V Pin=J1-1
Added Pin To Net: NetName=-12V Pin=R2-2
Added Pin To Net: NetName=-12V Pin=U3-4
Added Pin To Net: NetName=-12V Pin=U4-4
Added Pin To Net: NetName=-12V Pin=U5-4
Added Net: Name=-12V
Added Pin To Net: NetName=BOOT0 Pin=J5-4
Added Pin To Net: NetName=BOOT0 Pin=R26-1
Added Pin To Net: NetName=BOOT0 Pin=U9-45
Added Net: Name=BOOT0
Added Pin To Net: NetName=BPF_IN Pin=R4-2
Added Pin To Net: NetName=BPF_IN Pin=R10-2
Added Net: Name=BPF_IN
Added Pin To Net: NetName=BPF_OUT Pin=C7-2
Added Pin To Net: NetName=BPF_OUT Pin=R11-2
Added Pin To Net: NetName=BPF_OUT Pin=R18-1
Added Pin To Net: NetName=BPF_OUT Pin=R34-1
Added Pin To Net: NetName=BPF_OUT Pin=R35-1
Added Pin To Net: NetName=BPF_OUT Pin=TP1-1
Added Pin To Net: NetName=BPF_OUT Pin=U5-7
Added Net: Name=BPF_OUT
Added Pin To Net: NetName=CDA_IN Pin=C13-1
Added Pin To Net: NetName=CDA_IN Pin=R35-2
Added Net: Name=CDA_IN
Added Pin To Net: NetName=CDA_OUT Pin=R21-2
Added Pin To Net: NetName=CDA_OUT Pin=R22-1
Added Pin To Net: NetName=CDA_OUT Pin=TP6-1
Added Pin To Net: NetName=CDA_OUT Pin=U3-1
Added Net: Name=CDA_OUT
Added Pin To Net: NetName=GND Pin=C1-1
Added Pin To Net: NetName=GND Pin=C2-1
Added Pin To Net: NetName=GND Pin=C3-1
Added Pin To Net: NetName=GND Pin=C4-1
Added Pin To Net: NetName=GND Pin=C5-1
Added Pin To Net: NetName=GND Pin=C10-2
Added Pin To Net: NetName=GND Pin=C20-1
Added Pin To Net: NetName=GND Pin=C21-1
Added Pin To Net: NetName=GND Pin=C22-2
Added Pin To Net: NetName=GND Pin=C23-2
Added Pin To Net: NetName=GND Pin=C24-1
Added Pin To Net: NetName=GND Pin=C25-1
Added Pin To Net: NetName=GND Pin=C26-1
Added Pin To Net: NetName=GND Pin=C27-1
Added Pin To Net: NetName=GND Pin=C28-2
Added Pin To Net: NetName=GND Pin=C29-2
Added Pin To Net: NetName=GND Pin=D2-A
Added Pin To Net: NetName=GND Pin=EC1-2
Added Pin To Net: NetName=GND Pin=EC2-1
Added Pin To Net: NetName=GND Pin=J1-2
Added Pin To Net: NetName=GND Pin=J4-1
Added Pin To Net: NetName=GND Pin=J5-2
Added Pin To Net: NetName=GND Pin=J6-1
Added Pin To Net: NetName=GND Pin=J7-3
Added Pin To Net: NetName=GND Pin=K1-1
Added Pin To Net: NetName=GND Pin=R5-2
Added Pin To Net: NetName=GND Pin=R6-2
Added Pin To Net: NetName=GND Pin=R19-2
Added Pin To Net: NetName=GND Pin=R20-2
Added Pin To Net: NetName=GND Pin=R33-1
Added Pin To Net: NetName=GND Pin=U1-2
Added Pin To Net: NetName=GND Pin=U2-1
Added Pin To Net: NetName=GND Pin=U3-5
Added Pin To Net: NetName=GND Pin=U4-3
Added Pin To Net: NetName=GND Pin=U4-5
Added Pin To Net: NetName=GND Pin=U5-3
Added Pin To Net: NetName=GND Pin=U5-5
Added Pin To Net: NetName=GND Pin=U9-19
Added Pin To Net: NetName=GND Pin=U9-23
Added Pin To Net: NetName=GND Pin=U9-35
Added Pin To Net: NetName=GND Pin=U9-47
Added Pin To Net: NetName=GND Pin=XH1-1
Added Net: Name=GND
Added Pin To Net: NetName=IV_IN Pin=R7-2
Added Pin To Net: NetName=IV_IN Pin=TP5-1
Added Net: Name=IV_IN
Added Pin To Net: NetName=IV_OUT Pin=C11-1
Added Pin To Net: NetName=IV_OUT Pin=R3-1
Added Pin To Net: NetName=IV_OUT Pin=R6-1
Added Pin To Net: NetName=IV_OUT Pin=R8-2
Added Pin To Net: NetName=IV_OUT Pin=R15-2
Added Pin To Net: NetName=IV_OUT Pin=R24-1
Added Pin To Net: NetName=IV_OUT Pin=TP3-1
Added Net: Name=IV_OUT
Added Pin To Net: NetName=LPF_IN Pin=R3-2
Added Pin To Net: NetName=LPF_IN Pin=R17-1
Added Net: Name=LPF_IN
Added Pin To Net: NetName=LPF_OUT Pin=C12-1
Added Pin To Net: NetName=LPF_OUT Pin=R4-1
Added Pin To Net: NetName=LPF_OUT Pin=R16-1
Added Pin To Net: NetName=LPF_OUT Pin=R32-1
Added Pin To Net: NetName=LPF_OUT Pin=TP4-1
Added Pin To Net: NetName=LPF_OUT Pin=U4-7
Added Net: Name=LPF_OUT
Added Pin To Net: NetName=MCUVREF+ Pin=J2-1
Added Pin To Net: NetName=MCUVREF+ Pin=J4-4
Added Pin To Net: NetName=MCUVREF+ Pin=U9-20
Added Net: Name=MCUVREF+
Added Pin To Net: NetName=NetC1_2 Pin=C1-2
Added Pin To Net: NetName=NetC1_2 Pin=R1-2
Added Pin To Net: NetName=NetC1_2 Pin=U1-1
Added Net: Name=NetC1_2
Added Pin To Net: NetName=NetC6_1 Pin=C6-1
Added Pin To Net: NetName=NetC6_1 Pin=R9-2
Added Pin To Net: NetName=NetC6_1 Pin=R12-1
Added Pin To Net: NetName=NetC6_1 Pin=TP2-1
Added Pin To Net: NetName=NetC6_1 Pin=U5-1
Added Net: Name=NetC6_1
Added Pin To Net: NetName=NetC6_2 Pin=C6-2
Added Pin To Net: NetName=NetC6_2 Pin=C8-1
Added Pin To Net: NetName=NetC6_2 Pin=R10-1
Added Pin To Net: NetName=NetC6_2 Pin=R13-1
Added Net: Name=NetC6_2
Added Pin To Net: NetName=NetC7_1 Pin=C7-1
Added Pin To Net: NetName=NetC7_1 Pin=C9-2
Added Pin To Net: NetName=NetC7_1 Pin=R12-2
Added Pin To Net: NetName=NetC7_1 Pin=R14-1
Added Net: Name=NetC7_1
Added Pin To Net: NetName=NetC8_2 Pin=C8-2
Added Pin To Net: NetName=NetC8_2 Pin=R9-1
Added Pin To Net: NetName=NetC8_2 Pin=U5-2
Added Net: Name=NetC8_2
Added Pin To Net: NetName=NetC9_1 Pin=C9-1
Added Pin To Net: NetName=NetC9_1 Pin=R11-1
Added Pin To Net: NetName=NetC9_1 Pin=U5-6
Added Net: Name=NetC9_1
Added Pin To Net: NetName=NetC11_2 Pin=C11-2
Added Pin To Net: NetName=NetC11_2 Pin=R7-1
Added Pin To Net: NetName=NetC11_2 Pin=R15-1
Added Pin To Net: NetName=NetC11_2 Pin=U4-2
Added Net: Name=NetC11_2
Added Pin To Net: NetName=NetC12_2 Pin=C12-2
Added Pin To Net: NetName=NetC12_2 Pin=R16-2
Added Pin To Net: NetName=NetC12_2 Pin=R17-2
Added Pin To Net: NetName=NetC12_2 Pin=U4-6
Added Net: Name=NetC12_2
Added Pin To Net: NetName=NetC13_2 Pin=C13-2
Added Pin To Net: NetName=NetC13_2 Pin=R23-1
Added Pin To Net: NetName=NetC13_2 Pin=R25-1
Added Net: Name=NetC13_2
Added Pin To Net: NetName=NetD1_K Pin=D1-K
Added Pin To Net: NetName=NetD1_K Pin=R5-1
Added Net: Name=NetD1_K
Added Pin To Net: NetName=NetD2_K Pin=D2-K
Added Pin To Net: NetName=NetD2_K Pin=R2-1
Added Net: Name=NetD2_K
Added Pin To Net: NetName=NetD3_K Pin=D3-K
Added Pin To Net: NetName=NetD3_K Pin=R30-1
Added Net: Name=NetD3_K
Added Pin To Net: NetName=NetJ7_2 Pin=J7-2
Added Pin To Net: NetName=NetJ7_2 Pin=R26-2
Added Net: Name=NetJ7_2
Added Pin To Net: NetName=NetR8_1 Pin=R8-1
Added Pin To Net: NetName=NetR8_1 Pin=U4-1
Added Net: Name=NetR8_1
Added Pin To Net: NetName=NetR13_2 Pin=R13-2
Added Pin To Net: NetName=NetR13_2 Pin=R19-1
Added Net: Name=NetR13_2
Added Pin To Net: NetName=NetR14_2 Pin=R14-2
Added Pin To Net: NetName=NetR14_2 Pin=R20-1
Added Net: Name=NetR14_2
Added Pin To Net: NetName=NetR21_1 Pin=R21-1
Added Pin To Net: NetName=NetR21_1 Pin=R27-1
Added Pin To Net: NetName=NetR21_1 Pin=U3-2
Added Net: Name=NetR21_1
Added Pin To Net: NetName=NetR23_2 Pin=R23-2
Added Pin To Net: NetName=NetR23_2 Pin=U3-3
Added Net: Name=NetR23_2
Added Pin To Net: NetName=NetR25_2 Pin=R25-2
Added Pin To Net: NetName=NetR25_2 Pin=R27-2
Added Pin To Net: NetName=NetR25_2 Pin=R29-1
Added Pin To Net: NetName=NetR25_2 Pin=R33-2
Added Net: Name=NetR25_2
Added Pin To Net: NetName=NetU3_6 Pin=U3-6
Added Pin To Net: NetName=NetU3_6 Pin=U3-7
Added Net: Name=NetU3_6
Added Pin To Net: NetName=OSC_IN Pin=C28-1
Added Pin To Net: NetName=OSC_IN Pin=R31-2
Added Pin To Net: NetName=OSC_IN Pin=U9-5
Added Pin To Net: NetName=OSC_IN Pin=X3-2
Added Net: Name=OSC_IN
Added Pin To Net: NetName=OSC_OUT Pin=C29-1
Added Pin To Net: NetName=OSC_OUT Pin=R31-1
Added Pin To Net: NetName=OSC_OUT Pin=U9-6
Added Pin To Net: NetName=OSC_OUT Pin=X3-1
Added Net: Name=OSC_OUT
Added Pin To Net: NetName=PA0 Pin=J4-15
Added Pin To Net: NetName=PA0 Pin=R18-2
Added Pin To Net: NetName=PA0 Pin=R22-2
Added Pin To Net: NetName=PA0 Pin=U9-8
Added Net: Name=PA0
Added Pin To Net: NetName=PA1 Pin=J4-14
Added Pin To Net: NetName=PA1 Pin=R24-2
Added Pin To Net: NetName=PA1 Pin=U9-9
Added Net: Name=PA1
Added Pin To Net: NetName=PA2 Pin=J4-13
Added Pin To Net: NetName=PA2 Pin=R32-2
Added Pin To Net: NetName=PA2 Pin=U9-10
Added Net: Name=PA2
Added Pin To Net: NetName=PA3 Pin=J4-12
Added Pin To Net: NetName=PA3 Pin=R34-2
Added Pin To Net: NetName=PA3 Pin=U9-11
Added Net: Name=PA3
Added Pin To Net: NetName=PA4 Pin=J4-11
Added Pin To Net: NetName=PA4 Pin=U9-12
Added Net: Name=PA4
Added Pin To Net: NetName=PA5 Pin=J4-10
Added Pin To Net: NetName=PA5 Pin=U9-13
Added Net: Name=PA5
Added Pin To Net: NetName=PA6 Pin=J4-9
Added Pin To Net: NetName=PA6 Pin=U9-14
Added Net: Name=PA6
Added Pin To Net: NetName=PA7 Pin=J4-8
Added Pin To Net: NetName=PA7 Pin=U9-15
Added Net: Name=PA7
Added Pin To Net: NetName=PA8 Pin=J5-15
Added Pin To Net: NetName=PA8 Pin=U9-30
Added Net: Name=PA8
Added Pin To Net: NetName=PA9 Pin=J5-14
Added Pin To Net: NetName=PA9 Pin=U9-31
Added Net: Name=PA9
Added Pin To Net: NetName=PA10 Pin=J5-13
Added Pin To Net: NetName=PA10 Pin=U9-32
Added Net: Name=PA10
Added Pin To Net: NetName=PA11 Pin=J5-12
Added Pin To Net: NetName=PA11 Pin=U9-33
Added Net: Name=PA11
Added Pin To Net: NetName=PA12 Pin=J5-11
Added Pin To Net: NetName=PA12 Pin=U9-34
Added Net: Name=PA12
Added Pin To Net: NetName=PA15 Pin=J5-10
Added Pin To Net: NetName=PA15 Pin=U9-39
Added Net: Name=PA15
Added Pin To Net: NetName=PB0 Pin=J4-7
Added Pin To Net: NetName=PB0 Pin=U9-16
Added Net: Name=PB0
Added Pin To Net: NetName=PB1 Pin=J4-6
Added Pin To Net: NetName=PB1 Pin=U9-17
Added Net: Name=PB1
Added Pin To Net: NetName=PB2 Pin=J4-5
Added Pin To Net: NetName=PB2 Pin=U9-18
Added Net: Name=PB2
Added Pin To Net: NetName=PB3 Pin=J5-9
Added Pin To Net: NetName=PB3 Pin=U9-40
Added Net: Name=PB3
Added Pin To Net: NetName=PB4 Pin=J5-8
Added Pin To Net: NetName=PB4 Pin=U9-41
Added Net: Name=PB4
Added Pin To Net: NetName=PB5 Pin=J5-7
Added Pin To Net: NetName=PB5 Pin=U9-42
Added Net: Name=PB5
Added Pin To Net: NetName=PB6 Pin=J5-6
Added Pin To Net: NetName=PB6 Pin=U9-43
Added Net: Name=PB6
Added Pin To Net: NetName=PB7 Pin=J5-5
Added Pin To Net: NetName=PB7 Pin=U9-44
Added Net: Name=PB7
Added Pin To Net: NetName=PB9 Pin=J5-3
Added Pin To Net: NetName=PB9 Pin=U9-46
Added Net: Name=PB9
Added Pin To Net: NetName=PB10 Pin=J4-3
Added Pin To Net: NetName=PB10 Pin=U9-22
Added Net: Name=PB10
Added Pin To Net: NetName=PB11 Pin=J5-20
Added Pin To Net: NetName=PB11 Pin=U9-25
Added Net: Name=PB11
Added Pin To Net: NetName=PB12 Pin=J5-19
Added Pin To Net: NetName=PB12 Pin=U9-26
Added Net: Name=PB12
Added Pin To Net: NetName=PB13 Pin=J5-18
Added Pin To Net: NetName=PB13 Pin=U9-27
Added Net: Name=PB13
Added Pin To Net: NetName=PB14 Pin=J5-17
Added Pin To Net: NetName=PB14 Pin=U9-28
Added Net: Name=PB14
Added Pin To Net: NetName=PB15 Pin=J5-16
Added Pin To Net: NetName=PB15 Pin=U9-29
Added Net: Name=PB15
Added Pin To Net: NetName=PC13 Pin=J4-19
Added Pin To Net: NetName=PC13 Pin=R30-2
Added Pin To Net: NetName=PC13 Pin=U9-2
Added Net: Name=PC13
Added Pin To Net: NetName=PC14 Pin=C22-1
Added Pin To Net: NetName=PC14 Pin=J4-18
Added Pin To Net: NetName=PC14 Pin=U9-3
Added Pin To Net: NetName=PC14 Pin=X2-4
Added Net: Name=PC14
Added Pin To Net: NetName=PC15 Pin=C23-1
Added Pin To Net: NetName=PC15 Pin=J4-17
Added Pin To Net: NetName=PC15 Pin=U9-4
Added Pin To Net: NetName=PC15 Pin=X2-1
Added Net: Name=PC15
Added Pin To Net: NetName=RESET Pin=C21-2
Added Pin To Net: NetName=RESET Pin=J4-16
Added Pin To Net: NetName=RESET Pin=K1-3
Added Pin To Net: NetName=RESET Pin=R28-2
Added Pin To Net: NetName=RESET Pin=U9-7
Added Net: Name=RESET
Added Pin To Net: NetName=SWCLK Pin=U9-38
Added Pin To Net: NetName=SWCLK Pin=XH1-2
Added Net: Name=SWCLK
Added Pin To Net: NetName=SWDIO Pin=U9-37
Added Pin To Net: NetName=SWDIO Pin=XH1-3
Added Net: Name=SWDIO
Added Pin To Net: NetName=VBAT Pin=J4-20
Added Pin To Net: NetName=VBAT Pin=U9-1
Added Net: Name=VBAT
Added Class: Name=LIA
