Removed Pin From Net: NetName=PC13 Pin=R30-2
Added Component: Designator=D4(LED-0805Y)
Added Component: Designator=D5(LED-0805Y)
Added Component: Designator=D6(LED-0805Y)
Added Component: Designator=R36(0603R)
Added Component: Designator=R37(0603R)
Added Component: Designator=R38(0603R)
Added Pin To Net: NetName=+3V3 Pin=D4-A
Added Pin To Net: NetName=+3V3 Pin=D5-A
Added Pin To Net: NetName=+3V3 Pin=D6-A
Added Pin To Net: NetName=PB12 Pin=R30-2
Added Pin To Net: NetName=PB11 Pin=R36-2
Added Pin To Net: NetName=PB13 Pin=R37-2
Added Pin To Net: NetName=PB14 Pin=R38-2
Added Pin To Net: NetName=NetD4_K Pin=D4-K
Added Pin To Net: NetName=NetD4_K Pin=R36-1
Added Net: Name=NetD4_K
Added Pin To Net: NetName=NetD5_K Pin=D5-K
Added Pin To Net: NetName=NetD5_K Pin=R37-1
Added Net: Name=NetD5_K
Added Pin To Net: NetName=NetD6_K Pin=D6-K
Added Pin To Net: NetName=NetD6_K Pin=R38-1
Added Net: Name=NetD6_K
Added Member To Class: ClassName=LIA Member=Component D4 LEDY/0805
Added Member To Class: ClassName=LIA Member=Component D5 LEDY/0805
Added Member To Class: ClassName=LIA Member=Component D6 LEDY/0805
Added Member To Class: ClassName=LIA Member=Component R36 510R
Added Member To Class: ClassName=LIA Member=Component R37 510R
Added Member To Class: ClassName=LIA Member=Component R38 510R
