Replace Part C12 CAP in F:\Desktop\Lock-inAmplifier\硬件\LIA_2\LIA\Lower.SchDoc with CAP from 电容.IntLib
Replace Part C13 CAP in F:\Desktop\Lock-inAmplifier\硬件\LIA_2\LIA\Lower.SchDoc with CAP from 电容.IntLib
Replace Part C14 CAP in F:\Desktop\Lock-inAmplifier\硬件\LIA_2\LIA\Lower.SchDoc with CAP from 电容.IntLib
Replace Part C15 CAP in F:\Desktop\Lock-inAmplifier\硬件\LIA_2\LIA\Lower.SchDoc with CAP from 电容.IntLib
Replace Part C16 CAP in F:\Desktop\Lock-inAmplifier\硬件\LIA_2\LIA\Lower.SchDoc with CAP from 电容.IntLib
Replace Part C17 CAP in F:\Desktop\Lock-inAmplifier\硬件\LIA_2\LIA\Lower.SchDoc with CAP from 电容.IntLib
Replace Part C18 CAP in F:\Desktop\Lock-inAmplifier\硬件\LIA_2\LIA\Lower.SchDoc with CAP from 电容.IntLib
Replace Part C19 CAP in F:\Desktop\Lock-inAmplifier\硬件\LIA_2\LIA\Lower.SchDoc with CAP from 电容.IntLib
Replace Part C20 CAP in F:\Desktop\Lock-inAmplifier\硬件\LIA_2\LIA\Lower.SchDoc with CAP from 电容.IntLib
Replace Part C21 CAP in F:\Desktop\Lock-inAmplifier\硬件\LIA_2\LIA\Lower.SchDoc with CAP from 电容.IntLib
Replace Part C22 CAP in F:\Desktop\Lock-inAmplifier\硬件\LIA_2\LIA\Lower.SchDoc with CAP from 电容.IntLib
Replace Part C23 CAP in F:\Desktop\Lock-inAmplifier\硬件\LIA_2\LIA\Lower.SchDoc with CAP from 电容.IntLib
Replace Part C24 CAP in F:\Desktop\Lock-inAmplifier\硬件\LIA_2\LIA\Lower.SchDoc with CAP from 电容.IntLib
Replace Part C25 CAP in F:\Desktop\Lock-inAmplifier\硬件\LIA_2\LIA\Lower.SchDoc with CAP from 电容.IntLib
Replace Part C26 CAP in F:\Desktop\Lock-inAmplifier\硬件\LIA_2\LIA\Lower.SchDoc with CAP from 电容.IntLib
Replace Part C27 CAP in F:\Desktop\Lock-inAmplifier\硬件\LIA_2\LIA\Lower.SchDoc with CAP from 电容.IntLib
Replace Part C28 CAP in F:\Desktop\Lock-inAmplifier\硬件\LIA_2\LIA\Lower.SchDoc with CAP from 电容.IntLib
Replace Part D1 LED in F:\Desktop\Lock-inAmplifier\硬件\LIA_2\LIA\Lower.SchDoc with LED from LED.IntLib
Replace Part D2 LED in F:\Desktop\Lock-inAmplifier\硬件\LIA_2\LIA\Lower.SchDoc with LED from LED.IntLib
Replace Part D3 DIODE in F:\Desktop\Lock-inAmplifier\硬件\LIA_2\LIA\Lower.SchDoc with DIODE from 二极管.IntLib
Replace Part D4 LED in F:\Desktop\Lock-inAmplifier\硬件\LIA_2\LIA\Lower.SchDoc with LED from LED.IntLib
Replace Part D5 LED in F:\Desktop\Lock-inAmplifier\硬件\LIA_2\LIA\Lower.SchDoc with LED from LED.IntLib
Replace Part D6 LED in F:\Desktop\Lock-inAmplifier\硬件\LIA_2\LIA\Lower.SchDoc with LED from LED.IntLib
Replace Part D7 LED in F:\Desktop\Lock-inAmplifier\硬件\LIA_2\LIA\Lower.SchDoc with LED from LED.IntLib
Replace Part J1 KF350-2P in F:\Desktop\Lock-inAmplifier\硬件\LIA_2\LIA\Lower.SchDoc with KF350-2P from KF350.IntLib
Replace Part J2 Pin HDR1X3 in F:\Desktop\Lock-inAmplifier\硬件\LIA_2\LIA\Lower.SchDoc with Pin HDR1X3 from 排针.IntLib
Replace Part J3 Pin HDR1X2 in F:\Desktop\Lock-inAmplifier\硬件\LIA_2\LIA\Lower.SchDoc with Pin HDR1X2 from 排针.IntLib
Replace Part J4 Pin HDR1X10 in F:\Desktop\Lock-inAmplifier\硬件\LIA_2\LIA\Lower.SchDoc with Pin HDR1X10 from 排针.IntLib
Replace Part J5 Pin HDR1X10 in F:\Desktop\Lock-inAmplifier\硬件\LIA_2\LIA\Lower.SchDoc with Pin HDR1X10 from 排针.IntLib
Replace Part J6 Pin HDR1X10 in F:\Desktop\Lock-inAmplifier\硬件\LIA_2\LIA\Lower.SchDoc with Pin HDR1X10 from 排针.IntLib
Replace Part J7 Pin HDR1X10 in F:\Desktop\Lock-inAmplifier\硬件\LIA_2\LIA\Lower.SchDoc with Pin HDR1X10 from 排针.IntLib
Replace Part K1 KEY in F:\Desktop\Lock-inAmplifier\硬件\LIA_2\LIA\Lower.SchDoc with KEY from 轻触开关.IntLib
Replace Part L1 INDUCTOR in F:\Desktop\Lock-inAmplifier\硬件\LIA_2\LIA\Lower.SchDoc with INDUCTOR from 电感.IntLib
Replace Part R21 RES in F:\Desktop\Lock-inAmplifier\硬件\LIA_2\LIA\Lower.SchDoc with RES from 电阻.IntLib
Replace Part R22 RES in F:\Desktop\Lock-inAmplifier\硬件\LIA_2\LIA\Lower.SchDoc with RES from 电阻.IntLib
Replace Part R23 RES in F:\Desktop\Lock-inAmplifier\硬件\LIA_2\LIA\Lower.SchDoc with RES from 电阻.IntLib
Replace Part R24 RES in F:\Desktop\Lock-inAmplifier\硬件\LIA_2\LIA\Lower.SchDoc with RES from 电阻.IntLib
Replace Part R25 RES in F:\Desktop\Lock-inAmplifier\硬件\LIA_2\LIA\Lower.SchDoc with RES from 电阻.IntLib
Replace Part R26 RES in F:\Desktop\Lock-inAmplifier\硬件\LIA_2\LIA\Lower.SchDoc with RES from 电阻.IntLib
Replace Part R27 RES in F:\Desktop\Lock-inAmplifier\硬件\LIA_2\LIA\Lower.SchDoc with RES from 电阻.IntLib
Replace Part R28 RES in F:\Desktop\Lock-inAmplifier\硬件\LIA_2\LIA\Lower.SchDoc with RES from 电阻.IntLib
Replace Part R29 RES in F:\Desktop\Lock-inAmplifier\硬件\LIA_2\LIA\Lower.SchDoc with RES from 电阻.IntLib
Replace Part R30 RES in F:\Desktop\Lock-inAmplifier\硬件\LIA_2\LIA\Lower.SchDoc with RES from 电阻.IntLib
Replace Part R31 RES in F:\Desktop\Lock-inAmplifier\硬件\LIA_2\LIA\Lower.SchDoc with RES from 电阻.IntLib
Replace Part R32 RES in F:\Desktop\Lock-inAmplifier\硬件\LIA_2\LIA\Lower.SchDoc with RES from 电阻.IntLib
Replace Part R33 RES in F:\Desktop\Lock-inAmplifier\硬件\LIA_2\LIA\Lower.SchDoc with RES from 电阻.IntLib
Replace Part U3 AMS1117 in F:\Desktop\Lock-inAmplifier\硬件\LIA_2\LIA\Lower.SchDoc with AMS1117 from 电源芯片.IntLib
Replace Part U4 LM7805 in F:\Desktop\Lock-inAmplifier\硬件\LIA_2\LIA\Lower.SchDoc with LM7805 from 电源芯片.IntLib
Replace Part U5 K78xx-500R3  负输出 in F:\Desktop\Lock-inAmplifier\硬件\LIA_2\LIA\Lower.SchDoc with K78xx-500R3  负输出 from 传感器.IntLib
Replace Part U6 STM32G431CBT6 in F:\Desktop\Lock-inAmplifier\硬件\LIA_2\LIA\Lower.SchDoc with STM32G431CBT6 from STM32系列.IntLib
Replace Part X1 XTAL-MC-4P in F:\Desktop\Lock-inAmplifier\硬件\LIA_2\LIA\Lower.SchDoc with XTAL-MC-4P from 晶振.IntLib
Replace Part X2 XTAL-2P in F:\Desktop\Lock-inAmplifier\硬件\LIA_2\LIA\Lower.SchDoc with XTAL-2P from 晶振.IntLib
Replace Part XH2 XH3 in F:\Desktop\Lock-inAmplifier\硬件\LIA_2\LIA\Lower.SchDoc with XH3 from XH，VH.IntLib
Replace Part XH3 XH4 in F:\Desktop\Lock-inAmplifier\硬件\LIA_2\LIA\Lower.SchDoc with XH4 from XH，VH.IntLib
