Added Pin To Net: NetName=GND Pin=C12-1
Added Pin To Net: NetName=NetC12_2 Pin=C12-2
Added Pin To Net: NetName=GND Pin=C13-1
Added Pin To Net: NetName=+5V Pin=C13-2
Added Pin To Net: NetName=GND Pin=C14-1
Added Pin To Net: NetName=+5V Pin=C14-2
Added Pin To Net: NetName=GND Pin=C15-1
Added Pin To Net: NetName=+3V3 Pin=C15-2
Added Pin To Net: NetName=GND Pin=C16-1
Added Pin To Net: NetName=+12V Pin=C16-2
Added Pin To Net: NetName=GND Pin=C17-1
Added Pin To Net: NetName=NetC17_2 Pin=C17-2
Added Pin To Net: NetName=GND Pin=C18-1
Added Pin To Net: NetName=-12V Pin=C18-2
Added Pin To Net: NetName=+3V3 Pin=C19-1
Added Pin To Net: NetName=GND Pin=C19-2
Added Pin To Net: NetName=GND Pin=C20-1
Added Pin To Net: NetName=RESET Pin=C20-2
Added Pin To Net: NetName=PC14 Pin=C21-1
Added Pin To Net: NetName=GND Pin=C21-2
Added Pin To Net: NetName=PC15 Pin=C22-1
Added Pin To Net: NetName=GND Pin=C22-2
Added Pin To Net: NetName=OSC_IN Pin=C23-1
Added Pin To Net: NetName=GND Pin=C23-2
Added Pin To Net: NetName=OSC_OUT Pin=C24-1
Added Pin To Net: NetName=GND Pin=C24-2
Added Pin To Net: NetName=GND Pin=C25-1
Added Pin To Net: NetName=+3V3 Pin=C25-2
Added Pin To Net: NetName=GND Pin=C26-1
Added Pin To Net: NetName=+3V3 Pin=C26-2
Added Pin To Net: NetName=GND Pin=C27-1
Added Pin To Net: NetName=+3V3 Pin=C27-2
Added Pin To Net: NetName=GND Pin=C28-1
Added Pin To Net: NetName=+3V3 Pin=C28-2
Added Pin To Net: NetName=GND Pin=C31-1
Added Pin To Net: NetName=+12V Pin=C31-2
Added Pin To Net: NetName=+12V Pin=D1-A
Added Pin To Net: NetName=NetD1_K Pin=D1-K
Added Pin To Net: NetName=GND Pin=D2-A
Added Pin To Net: NetName=NetD2_K Pin=D2-K
Added Pin To Net: NetName=PB1 Pin=D3-A
Added Pin To Net: NetName=PA7 Pin=D3-K
Added Pin To Net: NetName=+3V3 Pin=D4-A
Added Pin To Net: NetName=NetD4_K Pin=D4-K
Added Pin To Net: NetName=+3V3 Pin=D5-A
Added Pin To Net: NetName=NetD5_K Pin=D5-K
Added Pin To Net: NetName=+12V Pin=EC1-1
Added Pin To Net: NetName=GND Pin=EC1-2
Added Pin To Net: NetName=GND Pin=J1-1
Added Pin To Net: NetName=+12V Pin=J1-2
Added Pin To Net: NetName=+3V3 Pin=J2-1
Added Pin To Net: NetName=NetJ2_2 Pin=J2-2
Added Pin To Net: NetName=GND Pin=J2-3
Added Pin To Net: NetName=MCUVREF+ Pin=J3-1
Added Pin To Net: NetName=+3V3 Pin=J3-2
Added Pin To Net: NetName=PA4 Pin=J4-1
Added Pin To Net: NetName=PA3 Pin=J4-2
Added Pin To Net: NetName=PA2 Pin=J4-3
Added Pin To Net: NetName=PA1 Pin=J4-4
Added Pin To Net: NetName=PA0 Pin=J4-5
Added Pin To Net: NetName=RESET Pin=J4-6
Added Pin To Net: NetName=PC15 Pin=J4-7
Added Pin To Net: NetName=PC14 Pin=J4-8
Added Pin To Net: NetName=PC13 Pin=J4-9
Added Pin To Net: NetName=VBAT Pin=J4-10
Added Pin To Net: NetName=+3V3 Pin=J5-1
Added Pin To Net: NetName=GND Pin=J5-2
Added Pin To Net: NetName=PB9 Pin=J5-3
Added Pin To Net: NetName=BOOT0 Pin=J5-4
Added Pin To Net: NetName=PB7 Pin=J5-5
Added Pin To Net: NetName=PB6 Pin=J5-6
Added Pin To Net: NetName=PB5 Pin=J5-7
Added Pin To Net: NetName=PB4 Pin=J5-8
Added Pin To Net: NetName=GND Pin=J5-9
Added Pin To Net: NetName=PA15 Pin=J5-10
Added Pin To Net: NetName=PA12 Pin=J6-1
Added Pin To Net: NetName=PA11 Pin=J6-2
Added Pin To Net: NetName=PA10 Pin=J6-3
Added Pin To Net: NetName=PA9 Pin=J6-4
Added Pin To Net: NetName=PA8 Pin=J6-5
Added Pin To Net: NetName=PB15 Pin=J6-6
Added Pin To Net: NetName=PB14 Pin=J6-7
Added Pin To Net: NetName=PB13 Pin=J6-8
Added Pin To Net: NetName=PB12 Pin=J6-9
Added Pin To Net: NetName=PB11 Pin=J6-10
Added Pin To Net: NetName=GND Pin=J7-1
Added Pin To Net: NetName=+3V3 Pin=J7-2
Added Pin To Net: NetName=PB10 Pin=J7-3
Added Pin To Net: NetName=MCUVREF+ Pin=J7-4
Added Pin To Net: NetName=PA7 Pin=J7-5
Added Pin To Net: NetName=PB1 Pin=J7-6
Added Pin To Net: NetName=PB0 Pin=J7-7
Added Pin To Net: NetName=PA7 Pin=J7-8
Added Pin To Net: NetName=PA6 Pin=J7-9
Added Pin To Net: NetName=PA5 Pin=J7-10
Added Pin To Net: NetName=-12V Pin=J9-1
Added Pin To Net: NetName=GND Pin=J9-2
Added Pin To Net: NetName=+12V Pin=J9-3
Added Pin To Net: NetName=BPF_OUT Pin=J9-4
Added Pin To Net: NetName=PB7 Pin=J10-1
Added Pin To Net: NetName=PA15 Pin=J10-2
Added Pin To Net: NetName=+3V3 Pin=J10-3
Added Pin To Net: NetName=GND Pin=J10-4
Added Pin To Net: NetName=GND Pin=K1-1
Added Pin To Net: NetName=RESET Pin=K1-3
Added Pin To Net: NetName=NetC17_2 Pin=L1-1
Added Pin To Net: NetName=-12V Pin=L1-2
Added Pin To Net: NetName=+12V Pin=R21-1
Added Pin To Net: NetName=NetC12_2 Pin=R21-2
Added Pin To Net: NetName=NetD1_K Pin=R22-1
Added Pin To Net: NetName=GND Pin=R22-2
Added Pin To Net: NetName=NetD2_K Pin=R23-1
Added Pin To Net: NetName=-12V Pin=R23-2
Added Pin To Net: NetName=SPR_IN Pin=R24-1
Added Pin To Net: NetName=PA5 Pin=R24-2
Added Pin To Net: NetName=PA5 Pin=R25-1
Added Pin To Net: NetName=PA6 Pin=R25-2
Added Pin To Net: NetName=SPR_IN Pin=R26-1
Added Pin To Net: NetName=PA7 Pin=R26-2
Added Pin To Net: NetName=+3V3 Pin=R27-1
Added Pin To Net: NetName=RESET Pin=R27-2
Added Pin To Net: NetName=BOOT0 Pin=R28-1
Added Pin To Net: NetName=NetJ2_2 Pin=R28-2
Added Pin To Net: NetName=NetD4_K Pin=R29-1
Added Pin To Net: NetName=PB11 Pin=R29-2
Added Pin To Net: NetName=OSC_OUT Pin=R30-1
Added Pin To Net: NetName=OSC_IN Pin=R30-2
Added Pin To Net: NetName=NetR33_1 Pin=R33-1
Added Pin To Net: NetName=BPF_OUT Pin=R33-2
Added Pin To Net: NetName=NetR34_1 Pin=R34-1
Added Pin To Net: NetName=+3V3 Pin=R34-2
Added Pin To Net: NetName=SPR_IN Pin=R35-1
Added Pin To Net: NetName=NetR33_1 Pin=R35-2
Added Pin To Net: NetName=BV Pin=R36-1
Added Pin To Net: NetName=NetR34_1 Pin=R36-2
Added Pin To Net: NetName=PA6 Pin=R37-1
Added Pin To Net: NetName=PA0 Pin=R37-2
Added Pin To Net: NetName=GND Pin=R38-1
Added Pin To Net: NetName=NetR33_1 Pin=R38-2
Added Pin To Net: NetName=GND Pin=R39-1
Added Pin To Net: NetName=NetR34_1 Pin=R39-2
Added Pin To Net: NetName=ADC1_IN2 Pin=R40-1
Added Pin To Net: NetName=PA1 Pin=R40-2
Added Pin To Net: NetName=ADC1_IN3 Pin=R41-1
Added Pin To Net: NetName=PA2 Pin=R41-2
Added Pin To Net: NetName=ADC1_IN4 Pin=R42-1
Added Pin To Net: NetName=PA3 Pin=R42-2
Added Pin To Net: NetName=NetD5_K Pin=R43-1
Added Pin To Net: NetName=PB11 Pin=R43-2
Added Pin To Net: NetName=GND Pin=U3-1
Added Pin To Net: NetName=+3V3 Pin=U3-2
Added Pin To Net: NetName=+3V3 Pin=U3-2
Added Pin To Net: NetName=+5V Pin=U3-3
Added Pin To Net: NetName=NetC12_2 Pin=U4-1
Added Pin To Net: NetName=GND Pin=U4-2
Added Pin To Net: NetName=+5V Pin=U4-3
Added Pin To Net: NetName=+12V Pin=U5-1
Added Pin To Net: NetName=NetC17_2 Pin=U5-2
Added Pin To Net: NetName=GND Pin=U5-3
Added Pin To Net: NetName=VBAT Pin=U6-1
Added Pin To Net: NetName=PC13 Pin=U6-2
Added Pin To Net: NetName=PC14 Pin=U6-3
Added Pin To Net: NetName=PC15 Pin=U6-4
Added Pin To Net: NetName=OSC_IN Pin=U6-5
Added Pin To Net: NetName=OSC_OUT Pin=U6-6
Added Pin To Net: NetName=RESET Pin=U6-7
Added Pin To Net: NetName=PA0 Pin=U6-8
Added Pin To Net: NetName=PA1 Pin=U6-9
Added Pin To Net: NetName=PA2 Pin=U6-10
Added Pin To Net: NetName=PA3 Pin=U6-11
Added Pin To Net: NetName=PA4 Pin=U6-12
Added Pin To Net: NetName=PA5 Pin=U6-13
Added Pin To Net: NetName=PA6 Pin=U6-14
Added Pin To Net: NetName=PA7 Pin=U6-15
Added Pin To Net: NetName=PB0 Pin=U6-16
Added Pin To Net: NetName=PB1 Pin=U6-17
Added Pin To Net: NetName=PA7 Pin=U6-18
Added Pin To Net: NetName=GND Pin=U6-19
Added Pin To Net: NetName=MCUVREF+ Pin=U6-20
Added Pin To Net: NetName=+3V3 Pin=U6-21
Added Pin To Net: NetName=PB10 Pin=U6-22
Added Pin To Net: NetName=GND Pin=U6-23
Added Pin To Net: NetName=+3V3 Pin=U6-24
Added Pin To Net: NetName=PB11 Pin=U6-25
Added Pin To Net: NetName=PB12 Pin=U6-26
Added Pin To Net: NetName=PB13 Pin=U6-27
Added Pin To Net: NetName=PB14 Pin=U6-28
Added Pin To Net: NetName=PB15 Pin=U6-29
Added Pin To Net: NetName=PA8 Pin=U6-30
Added Pin To Net: NetName=PA9 Pin=U6-31
Added Pin To Net: NetName=PA10 Pin=U6-32
Added Pin To Net: NetName=PA11 Pin=U6-33
Added Pin To Net: NetName=PA12 Pin=U6-34
Added Pin To Net: NetName=GND Pin=U6-35
Added Pin To Net: NetName=+3V3 Pin=U6-36
Added Pin To Net: NetName=SWDIO Pin=U6-37
Added Pin To Net: NetName=SWCLK Pin=U6-38
Added Pin To Net: NetName=PA15 Pin=U6-39
Added Pin To Net: NetName=GND Pin=U6-40
Added Pin To Net: NetName=PB4 Pin=U6-41
Added Pin To Net: NetName=PB5 Pin=U6-42
Added Pin To Net: NetName=PB6 Pin=U6-43
Added Pin To Net: NetName=PB7 Pin=U6-44
Added Pin To Net: NetName=BOOT0 Pin=U6-45
Added Pin To Net: NetName=PB9 Pin=U6-46
Added Pin To Net: NetName=GND Pin=U6-47
Added Pin To Net: NetName=+3V3 Pin=U6-48
Added Pin To Net: NetName=PC15 Pin=X1-1
Added Pin To Net: NetName=PC14 Pin=X1-4
Added Pin To Net: NetName=OSC_OUT Pin=X2-1
Added Pin To Net: NetName=OSC_IN Pin=X2-2
Added Pin To Net: NetName=+3V3 Pin=XH3-1
Added Pin To Net: NetName=SWDIO Pin=XH3-2
Added Pin To Net: NetName=SWCLK Pin=XH3-3
Added Pin To Net: NetName=GND Pin=XH3-4
