Added Component: Designator=C1(0603C)
Added Component: Designator=C2(0603C)
Added Component: Designator=C3(1206C)
Added Component: Designator=C4(1206C)
Added Component: Designator=C5(0603C)
Added Component: Designator=C6(0603C)
Added Component: Designator=C7(1206C)
Added Component: Designator=C8(1206C)
Added Component: Designator=C9(1206C)
Added Component: Designator=C10(1206C)
Added Component: Designator=C11(0603C)
Added Component: Designator=C?(0603C)
Added Component: Designator=C?(0603C)
Added Component: Designator=C?(0603C)
Added Component: Designator=C?(0603C)
Added Component: Designator=C?(0603C)
Added Component: Designator=C?(0603C)
Added Component: Designator=C?(0603C)
Added Component: Designator=C?(0603C)
Added Component: Designator=C?(0603C)
Added Component: Designator=C?(0603C)
Added Component: Designator=C?(0603C)
Added Component: Designator=C?(0603C)
Added Component: Designator=C?(0603C)
Added Component: Designator=C?(0603C)
Added Component: Designator=C?(0603C)
Added Component: Designator=C?(0603C)
Added Component: Designator=C?(0603C)
Added Component: Designator=D?(LED-0805R)
Added Component: Designator=D?(LED-0805Y)
Added Component: Designator=D?(LED-0805Y)
Added Component: Designator=D?(SOD-123)
Added Component: Designator=D?(LED-0805Y)
Added Component: Designator=D?(LED-0805R)
Added Component: Designator=D?(LED-0805Y)
Added Component: Designator=J?(Pin HDR1X10/2.54mm-S)
Added Component: Designator=J?(Pin HDR1X10/2.54mm-S)
Added Component: Designator=J?(Pin HDR1X10/2.54mm-S)
Added Component: Designator=J?(Pin HDR1X2/2.54mm-S)
Added Component: Designator=J?(Pin HDR1X3/2.54mm-S)
Added Component: Designator=J?(Pin HDR1X10/2.54mm-S)
Added Component: Designator=J?(KF350-2P)
Added Component: Designator=K?(SMD-3X6X2.5)
Added Component: Designator=L?(1210L)
Added Component: Designator=R1(0603R)
Added Component: Designator=R2(0603R)
Added Component: Designator=R3(0603R)
Added Component: Designator=R4(0603R)
Added Component: Designator=R5(0603R)
Added Component: Designator=R6(0603R)
Added Component: Designator=R7(0603R)
Added Component: Designator=R8(0603R)
Added Component: Designator=R9(0603R)
Added Component: Designator=R10(0603R)
Added Component: Designator=R11(0603R)
Added Component: Designator=R12(0603R)
Added Component: Designator=R13(0603R)
Added Component: Designator=R14(0603R)
Added Component: Designator=R15(0603R)
Added Component: Designator=R16(0603R)
Added Component: Designator=R17(0603R)
Added Component: Designator=R18(0603R)
Added Component: Designator=R19(0603R)
Added Component: Designator=R20(0603R)
Added Component: Designator=R?(0603R)
Added Component: Designator=R?(0603R)
Added Component: Designator=R?(0603R)
Added Component: Designator=R?(0603R)
Added Component: Designator=R?(0603R)
Added Component: Designator=R?(0603R)
Added Component: Designator=R?(0603R)
Added Component: Designator=R?(0603R)
Added Component: Designator=R?(0603R)
Added Component: Designator=R?(0603R)
Added Component: Designator=R?(0603R)
Added Component: Designator=R?(0603R)
Added Component: Designator=R?(0603R)
Added Component: Designator=TP1(TP)
Added Component: Designator=TP2(TP)
Added Component: Designator=TP3(TP)
Added Component: Designator=TP4(TP)
Added Component: Designator=TP5(TP)
Added Component: Designator=U1(SOP8)
Added Component: Designator=U2(SOP8)
Added Component: Designator=U?(SOT223)
Added Component: Designator=U?(K78xx-500R3 ¸ºÊä³ö)
Added Component: Designator=U?(TO252)
Added Component: Designator=U?(LQFP48 7X7)
Added Component: Designator=X?(OSC HC-49S)
Added Component: Designator=X?(OSC MC-306)
Added Component: Designator=XH1(XH3/2.54mm/180)
Added Component: Designator=XH?(XH3/2.54mm/180)
Added Component: Designator=XH?(XH4/2.54mm/180)
Added Pin To Net: NetName=+3V3 Pin=C?-1
Added Pin To Net: NetName=+3V3 Pin=C?-2
Added Pin To Net: NetName=+3V3 Pin=C?-2
Added Pin To Net: NetName=+3V3 Pin=C?-2
Added Pin To Net: NetName=+3V3 Pin=C?-2
Added Pin To Net: NetName=+3V3 Pin=C?-2
Added Pin To Net: NetName=+3V3 Pin=D?-A
Added Pin To Net: NetName=+3V3 Pin=D?-A
Added Pin To Net: NetName=+3V3 Pin=D?-A
Added Pin To Net: NetName=+3V3 Pin=D?-A
Added Pin To Net: NetName=+3V3 Pin=J?-1
Added Pin To Net: NetName=+3V3 Pin=J?-1
Added Pin To Net: NetName=+3V3 Pin=J?-2
Added Pin To Net: NetName=+3V3 Pin=J?-2
Added Pin To Net: NetName=+3V3 Pin=R?-1
Added Pin To Net: NetName=+3V3 Pin=U?-2
Added Pin To Net: NetName=+3V3 Pin=U?-2
Added Pin To Net: NetName=+3V3 Pin=U?-21
Added Pin To Net: NetName=+3V3 Pin=U?-24
Added Pin To Net: NetName=+3V3 Pin=U?-36
Added Pin To Net: NetName=+3V3 Pin=U?-48
Added Pin To Net: NetName=+3V3 Pin=XH?-1
Added Net: Name=+3V3
Added Pin To Net: NetName=+5V Pin=C?-2
Added Pin To Net: NetName=+5V Pin=C?-2
Added Pin To Net: NetName=+5V Pin=U?-3
Added Pin To Net: NetName=+5V Pin=U?-3
Added Net: Name=+5V
Added Pin To Net: NetName=+12V Pin=C1-1
Added Pin To Net: NetName=+12V Pin=C6-1
Added Pin To Net: NetName=+12V Pin=C?-2
Added Pin To Net: NetName=+12V Pin=D?-A
Added Pin To Net: NetName=+12V Pin=J?-2
Added Pin To Net: NetName=+12V Pin=R?-1
Added Pin To Net: NetName=+12V Pin=U1-8
Added Pin To Net: NetName=+12V Pin=U2-8
Added Pin To Net: NetName=+12V Pin=U?-1
Added Pin To Net: NetName=+12V Pin=XH1-3
Added Pin To Net: NetName=+12V Pin=XH?-3
Added Net: Name=+12V
Added Pin To Net: NetName=-12V Pin=C5-1
Added Pin To Net: NetName=-12V Pin=C11-1
Added Pin To Net: NetName=-12V Pin=C?-2
Added Pin To Net: NetName=-12V Pin=L?-2
Added Pin To Net: NetName=-12V Pin=R?-2
Added Pin To Net: NetName=-12V Pin=U1-4
Added Pin To Net: NetName=-12V Pin=U2-4
Added Pin To Net: NetName=-12V Pin=XH1-1
Added Pin To Net: NetName=-12V Pin=XH?-1
Added Net: Name=-12V
Added Pin To Net: NetName=BOOT0 Pin=J?-4
Added Pin To Net: NetName=BOOT0 Pin=R?-1
Added Pin To Net: NetName=BOOT0 Pin=U?-45
Added Net: Name=BOOT0
Added Pin To Net: NetName=BPF1_IN Pin=R2-2
Added Pin To Net: NetName=BPF1_IN Pin=R8-1
Added Pin To Net: NetName=BPF1_IN Pin=R11-2
Added Net: Name=BPF1_IN
Added Pin To Net: NetName=BPF1_OUT Pin=C3-2
Added Pin To Net: NetName=BPF1_OUT Pin=R5-1
Added Pin To Net: NetName=BPF1_OUT Pin=R7-2
Added Pin To Net: NetName=BPF1_OUT Pin=TP2-1
Added Pin To Net: NetName=BPF1_OUT Pin=U1-7
Added Net: Name=BPF1_OUT
Added Pin To Net: NetName=BPF2_IN Pin=R5-2
Added Pin To Net: NetName=BPF2_IN Pin=R14-2
Added Net: Name=BPF2_IN
Added Pin To Net: NetName=BPF2_OUT Pin=C7-1
Added Pin To Net: NetName=BPF2_OUT Pin=R9-1
Added Pin To Net: NetName=BPF2_OUT Pin=R13-2
Added Pin To Net: NetName=BPF2_OUT Pin=TP5-1
Added Pin To Net: NetName=BPF2_OUT Pin=U2-1
Added Net: Name=BPF2_OUT
Added Pin To Net: NetName=BPF3_IN Pin=R9-2
Added Pin To Net: NetName=BPF3_IN Pin=R16-1
Added Net: Name=BPF3_IN
Added Pin To Net: NetName=BPF3_OUT Pin=C8-2
Added Pin To Net: NetName=BPF3_OUT Pin=R11-1
Added Pin To Net: NetName=BPF3_OUT Pin=R15-2
Added Pin To Net: NetName=BPF3_OUT Pin=R?-1
Added Pin To Net: NetName=BPF3_OUT Pin=R?-1
Added Pin To Net: NetName=BPF3_OUT Pin=TP4-1
Added Pin To Net: NetName=BPF3_OUT Pin=U2-7
Added Net: Name=BPF3_OUT
Added Pin To Net: NetName=GND Pin=C1-2
Added Pin To Net: NetName=GND Pin=C5-2
Added Pin To Net: NetName=GND Pin=C6-2
Added Pin To Net: NetName=GND Pin=C11-2
Added Pin To Net: NetName=GND Pin=C?-1
Added Pin To Net: NetName=GND Pin=C?-1
Added Pin To Net: NetName=GND Pin=C?-1
Added Pin To Net: NetName=GND Pin=C?-1
Added Pin To Net: NetName=GND Pin=C?-1
Added Pin To Net: NetName=GND Pin=C?-1
Added Pin To Net: NetName=GND Pin=C?-1
Added Pin To Net: NetName=GND Pin=C?-1
Added Pin To Net: NetName=GND Pin=C?-1
Added Pin To Net: NetName=GND Pin=C?-1
Added Pin To Net: NetName=GND Pin=C?-1
Added Pin To Net: NetName=GND Pin=C?-1
Added Pin To Net: NetName=GND Pin=C?-2
Added Pin To Net: NetName=GND Pin=C?-2
Added Pin To Net: NetName=GND Pin=C?-2
Added Pin To Net: NetName=GND Pin=C?-2
Added Pin To Net: NetName=GND Pin=C?-2
Added Pin To Net: NetName=GND Pin=D?-A
Added Pin To Net: NetName=GND Pin=J?-1
Added Pin To Net: NetName=GND Pin=J?-1
Added Pin To Net: NetName=GND Pin=J?-2
Added Pin To Net: NetName=GND Pin=J?-3
Added Pin To Net: NetName=GND Pin=J?-9
Added Pin To Net: NetName=GND Pin=K?-1
Added Pin To Net: NetName=GND Pin=R1-2
Added Pin To Net: NetName=GND Pin=R12-2
Added Pin To Net: NetName=GND Pin=R19-2
Added Pin To Net: NetName=GND Pin=R20-2
Added Pin To Net: NetName=GND Pin=R?-2
Added Pin To Net: NetName=GND Pin=U1-3
Added Pin To Net: NetName=GND Pin=U1-5
Added Pin To Net: NetName=GND Pin=U2-3
Added Pin To Net: NetName=GND Pin=U2-5
Added Pin To Net: NetName=GND Pin=U?-1
Added Pin To Net: NetName=GND Pin=U?-2
Added Pin To Net: NetName=GND Pin=U?-3
Added Pin To Net: NetName=GND Pin=U?-19
Added Pin To Net: NetName=GND Pin=U?-23
Added Pin To Net: NetName=GND Pin=U?-35
Added Pin To Net: NetName=GND Pin=U?-40
Added Pin To Net: NetName=GND Pin=U?-47
Added Pin To Net: NetName=GND Pin=XH1-2
Added Pin To Net: NetName=GND Pin=XH?-2
Added Pin To Net: NetName=GND Pin=XH?-4
Added Net: Name=GND
Added Pin To Net: NetName=IV_IN Pin=R6-2
Added Pin To Net: NetName=IV_IN Pin=TP3-1
Added Net: Name=IV_IN
Added Pin To Net: NetName=IV_OUT Pin=C2-1
Added Pin To Net: NetName=IV_OUT Pin=R1-1
Added Pin To Net: NetName=IV_OUT Pin=R2-1
Added Pin To Net: NetName=IV_OUT Pin=R3-2
Added Pin To Net: NetName=IV_OUT Pin=R4-2
Added Pin To Net: NetName=IV_OUT Pin=TP1-1
Added Net: Name=IV_OUT
Added Pin To Net: NetName=MCUVREF+ Pin=J?-1
Added Pin To Net: NetName=MCUVREF+ Pin=J?-4
Added Pin To Net: NetName=MCUVREF+ Pin=U?-20
Added Net: Name=MCUVREF+
Added Pin To Net: NetName=NetC2_2 Pin=C2-2
Added Pin To Net: NetName=NetC2_2 Pin=R4-1
Added Pin To Net: NetName=NetC2_2 Pin=R6-1
Added Pin To Net: NetName=NetC2_2 Pin=U1-2
Added Net: Name=NetC2_2
Added Pin To Net: NetName=NetC3_1 Pin=C3-1
Added Pin To Net: NetName=NetC3_1 Pin=C4-2
Added Pin To Net: NetName=NetC3_1 Pin=R8-2
Added Pin To Net: NetName=NetC3_1 Pin=R10-1
Added Net: Name=NetC3_1
Added Pin To Net: NetName=NetC4_1 Pin=C4-1
Added Pin To Net: NetName=NetC4_1 Pin=R7-1
Added Pin To Net: NetName=NetC4_1 Pin=U1-6
Added Net: Name=NetC4_1
Added Pin To Net: NetName=NetC7_2 Pin=C7-2
Added Pin To Net: NetName=NetC7_2 Pin=C9-1
Added Pin To Net: NetName=NetC7_2 Pin=R14-1
Added Pin To Net: NetName=NetC7_2 Pin=R17-1
Added Net: Name=NetC7_2
Added Pin To Net: NetName=NetC8_1 Pin=C8-1
Added Pin To Net: NetName=NetC8_1 Pin=C10-2
Added Pin To Net: NetName=NetC8_1 Pin=R16-2
Added Pin To Net: NetName=NetC8_1 Pin=R18-1
Added Net: Name=NetC8_1
Added Pin To Net: NetName=NetC9_2 Pin=C9-2
Added Pin To Net: NetName=NetC9_2 Pin=R13-1
Added Pin To Net: NetName=NetC9_2 Pin=U2-2
Added Net: Name=NetC9_2
Added Pin To Net: NetName=NetC10_1 Pin=C10-1
Added Pin To Net: NetName=NetC10_1 Pin=R15-1
Added Pin To Net: NetName=NetC10_1 Pin=U2-6
Added Net: Name=NetC10_1
Added Pin To Net: NetName=NetC?_2 Pin=C?-2
Added Pin To Net: NetName=NetC?_2 Pin=R?-2
Added Pin To Net: NetName=NetC?_2 Pin=U?-1
Added Net: Name=NetC?_2
Add Net: Net with name "NetC?_2" already exists
Added Pin To Net: NetName=NetD?_K Pin=D?-K
Added Pin To Net: NetName=NetD?_K Pin=R?-1
Added Net: Name=NetD?_K
Add Net: Net with name "NetD?_K" already exists
Add Net: Net with name "NetD?_K" already exists
Add Net: Net with name "NetD?_K" already exists
Add Net: Net with name "NetD?_K" already exists
Add Net: Net with name "NetD?_K" already exists
Added Pin To Net: NetName=NetJ?_2 Pin=J?-2
Added Pin To Net: NetName=NetJ?_2 Pin=R?-2
Added Net: Name=NetJ?_2
Added Pin To Net: NetName=NetR3_1 Pin=R3-1
Added Pin To Net: NetName=NetR3_1 Pin=U1-1
Added Net: Name=NetR3_1
Added Pin To Net: NetName=NetR10_2 Pin=R10-2
Added Pin To Net: NetName=NetR10_2 Pin=R12-1
Added Net: Name=NetR10_2
Added Pin To Net: NetName=NetR17_2 Pin=R17-2
Added Pin To Net: NetName=NetR17_2 Pin=R19-1
Added Net: Name=NetR17_2
Added Pin To Net: NetName=NetR18_2 Pin=R18-2
Added Pin To Net: NetName=NetR18_2 Pin=R20-1
Added Net: Name=NetR18_2
Added Pin To Net: NetName=OSC_IN Pin=C?-1
Added Pin To Net: NetName=OSC_IN Pin=R?-2
Added Pin To Net: NetName=OSC_IN Pin=U?-5
Added Pin To Net: NetName=OSC_IN Pin=X?-2
Added Net: Name=OSC_IN
Added Pin To Net: NetName=OSC_OUT Pin=C?-1
Added Pin To Net: NetName=OSC_OUT Pin=R?-1
Added Pin To Net: NetName=OSC_OUT Pin=U?-6
Added Pin To Net: NetName=OSC_OUT Pin=X?-1
Added Net: Name=OSC_OUT
Added Pin To Net: NetName=PA0 Pin=J?-5
Added Pin To Net: NetName=PA0 Pin=U?-8
Added Net: Name=PA0
Added Pin To Net: NetName=PA1 Pin=J?-4
Added Pin To Net: NetName=PA1 Pin=U?-9
Added Net: Name=PA1
Added Pin To Net: NetName=PA2 Pin=J?-3
Added Pin To Net: NetName=PA2 Pin=U?-10
Added Net: Name=PA2
Added Pin To Net: NetName=PA3 Pin=J?-2
Added Pin To Net: NetName=PA3 Pin=U?-11
Added Net: Name=PA3
Added Pin To Net: NetName=PA4 Pin=J?-1
Added Pin To Net: NetName=PA4 Pin=U?-12
Added Net: Name=PA4
Added Pin To Net: NetName=PA5 Pin=J?-10
Added Pin To Net: NetName=PA5 Pin=R?-1
Added Pin To Net: NetName=PA5 Pin=R?-2
Added Pin To Net: NetName=PA5 Pin=U?-13
Added Net: Name=PA5
Added Pin To Net: NetName=PA6 Pin=J?-9
Added Pin To Net: NetName=PA6 Pin=R?-2
Added Pin To Net: NetName=PA6 Pin=U?-14
Added Net: Name=PA6
Added Pin To Net: NetName=PA7 Pin=D?-K
Added Pin To Net: NetName=PA7 Pin=J?-5
Added Pin To Net: NetName=PA7 Pin=J?-8
Added Pin To Net: NetName=PA7 Pin=R?-2
Added Pin To Net: NetName=PA7 Pin=U?-15
Added Pin To Net: NetName=PA7 Pin=U?-18
Added Net: Name=PA7
Added Pin To Net: NetName=PA8 Pin=J?-5
Added Pin To Net: NetName=PA8 Pin=U?-30
Added Net: Name=PA8
Added Pin To Net: NetName=PA9 Pin=J?-4
Added Pin To Net: NetName=PA9 Pin=U?-31
Added Net: Name=PA9
Added Pin To Net: NetName=PA10 Pin=J?-3
Added Pin To Net: NetName=PA10 Pin=U?-32
Added Net: Name=PA10
Added Pin To Net: NetName=PA11 Pin=J?-2
Added Pin To Net: NetName=PA11 Pin=U?-33
Added Net: Name=PA11
Added Pin To Net: NetName=PA12 Pin=J?-1
Added Pin To Net: NetName=PA12 Pin=U?-34
Added Net: Name=PA12
Added Pin To Net: NetName=PA15 Pin=J?-10
Added Pin To Net: NetName=PA15 Pin=U?-39
Added Net: Name=PA15
Added Pin To Net: NetName=PB0 Pin=J?-7
Added Pin To Net: NetName=PB0 Pin=U?-16
Added Net: Name=PB0
Added Pin To Net: NetName=PB1 Pin=D?-A
Added Pin To Net: NetName=PB1 Pin=J?-6
Added Pin To Net: NetName=PB1 Pin=U?-17
Added Net: Name=PB1
Added Pin To Net: NetName=PB4 Pin=J?-8
Added Pin To Net: NetName=PB4 Pin=U?-41
Added Net: Name=PB4
Added Pin To Net: NetName=PB5 Pin=J?-7
Added Pin To Net: NetName=PB5 Pin=U?-42
Added Net: Name=PB5
Added Pin To Net: NetName=PB6 Pin=J?-6
Added Pin To Net: NetName=PB6 Pin=U?-43
Added Net: Name=PB6
Added Pin To Net: NetName=PB7 Pin=J?-5
Added Pin To Net: NetName=PB7 Pin=U?-44
Added Net: Name=PB7
Added Pin To Net: NetName=PB9 Pin=J?-3
Added Pin To Net: NetName=PB9 Pin=U?-46
Added Net: Name=PB9
Added Pin To Net: NetName=PB10 Pin=J?-3
Added Pin To Net: NetName=PB10 Pin=U?-22
Added Net: Name=PB10
Added Pin To Net: NetName=PB11 Pin=J?-10
Added Pin To Net: NetName=PB11 Pin=R?-2
Added Pin To Net: NetName=PB11 Pin=U?-25
Added Net: Name=PB11
Added Pin To Net: NetName=PB12 Pin=J?-9
Added Pin To Net: NetName=PB12 Pin=R?-2
Added Pin To Net: NetName=PB12 Pin=U?-26
Added Net: Name=PB12
Added Pin To Net: NetName=PB13 Pin=J?-8
Added Pin To Net: NetName=PB13 Pin=R?-2
Added Pin To Net: NetName=PB13 Pin=U?-27
Added Net: Name=PB13
Added Pin To Net: NetName=PB14 Pin=J?-7
Added Pin To Net: NetName=PB14 Pin=R?-2
Added Pin To Net: NetName=PB14 Pin=U?-28
Added Net: Name=PB14
Added Pin To Net: NetName=PB15 Pin=J?-6
Added Pin To Net: NetName=PB15 Pin=U?-29
Added Net: Name=PB15
Added Pin To Net: NetName=PC13 Pin=J?-9
Added Pin To Net: NetName=PC13 Pin=U?-2
Added Net: Name=PC13
Added Pin To Net: NetName=PC14 Pin=C?-1
Added Pin To Net: NetName=PC14 Pin=J?-8
Added Pin To Net: NetName=PC14 Pin=U?-3
Added Pin To Net: NetName=PC14 Pin=X?-4
Added Net: Name=PC14
Added Pin To Net: NetName=PC15 Pin=C?-1
Added Pin To Net: NetName=PC15 Pin=J?-7
Added Pin To Net: NetName=PC15 Pin=U?-4
Added Pin To Net: NetName=PC15 Pin=X?-1
Added Net: Name=PC15
Added Pin To Net: NetName=RESET Pin=C?-2
Added Pin To Net: NetName=RESET Pin=J?-6
Added Pin To Net: NetName=RESET Pin=K?-3
Added Pin To Net: NetName=RESET Pin=R?-2
Added Pin To Net: NetName=RESET Pin=U?-7
Added Net: Name=RESET
Added Pin To Net: NetName=SWCLK Pin=U?-38
Added Pin To Net: NetName=SWCLK Pin=XH?-3
Added Net: Name=SWCLK
Added Pin To Net: NetName=SWDIO Pin=U?-37
Added Pin To Net: NetName=SWDIO Pin=XH?-2
Added Net: Name=SWDIO
Added Pin To Net: NetName=VBAT Pin=J?-10
Added Pin To Net: NetName=VBAT Pin=U?-1
Added Net: Name=VBAT
Added Class: Name=Upper
