Added Component: Designator=C1(0603C)
Added Component: Designator=C2(0603C)
Added Component: Designator=C3(1206C)
Added Component: Designator=C4(1206C)
Added Component: Designator=C5(0603C)
Added Component: Designator=C6(0603C)
Added Component: Designator=C7(1206C)
Added Component: Designator=C8(1206C)
Added Component: Designator=C9(1206C)
Added Component: Designator=C10(1206C)
Added Component: Designator=C11(0603C)
Added Component: Designator=R1(0603R)
Added Component: Designator=R2(0603R)
Added Component: Designator=R3(0603R)
Added Component: Designator=R4(0603R)
Added Component: Designator=R5(0603R)
Added Component: Designator=R6(0603R)
Added Component: Designator=R7(0603R)
Added Component: Designator=R8(0603R)
Added Component: Designator=R9(0603R)
Added Component: Designator=R10(0603R)
Added Component: Designator=R11(0603R)
Added Component: Designator=R12(0603R)
Added Component: Designator=R13(0603R)
Added Component: Designator=R14(0603R)
Added Component: Designator=R15(0603R)
Added Component: Designator=R16(0603R)
Added Component: Designator=R17(0603R)
Added Component: Designator=R18(0603R)
Added Component: Designator=R19(0603R)
Added Component: Designator=R20(0603R)
Added Component: Designator=TP1(TP)
Added Component: Designator=TP2(TP)
Added Component: Designator=TP3(TP)
Added Component: Designator=TP4(TP)
Added Component: Designator=TP5(TP)
Added Component: Designator=U1(SOP8)
Added Component: Designator=U2(SOP8)
Added Component: Designator=XH1(XH3/2.54mm/180)
Added Pin To Net: NetName=+12V Pin=C1-1
Added Pin To Net: NetName=+12V Pin=C6-1
Added Pin To Net: NetName=+12V Pin=U1-8
Added Pin To Net: NetName=+12V Pin=U2-8
Added Pin To Net: NetName=+12V Pin=XH1-3
Added Net: Name=+12V
Added Pin To Net: NetName=-12V Pin=C5-1
Added Pin To Net: NetName=-12V Pin=C11-1
Added Pin To Net: NetName=-12V Pin=U1-4
Added Pin To Net: NetName=-12V Pin=U2-4
Added Pin To Net: NetName=-12V Pin=XH1-1
Added Net: Name=-12V
Added Pin To Net: NetName=BPF1_IN Pin=R2-2
Added Pin To Net: NetName=BPF1_IN Pin=R8-1
Added Pin To Net: NetName=BPF1_IN Pin=R11-2
Added Net: Name=BPF1_IN
Added Pin To Net: NetName=BPF1_OUT Pin=C3-2
Added Pin To Net: NetName=BPF1_OUT Pin=R5-1
Added Pin To Net: NetName=BPF1_OUT Pin=R7-2
Added Pin To Net: NetName=BPF1_OUT Pin=TP2-1
Added Pin To Net: NetName=BPF1_OUT Pin=U1-7
Added Net: Name=BPF1_OUT
Added Pin To Net: NetName=BPF2_IN Pin=R5-2
Added Pin To Net: NetName=BPF2_IN Pin=R14-2
Added Net: Name=BPF2_IN
Added Pin To Net: NetName=BPF2_OUT Pin=C7-1
Added Pin To Net: NetName=BPF2_OUT Pin=R9-1
Added Pin To Net: NetName=BPF2_OUT Pin=R13-2
Added Pin To Net: NetName=BPF2_OUT Pin=TP5-1
Added Pin To Net: NetName=BPF2_OUT Pin=U2-1
Added Net: Name=BPF2_OUT
Added Pin To Net: NetName=BPF3_IN Pin=R9-2
Added Pin To Net: NetName=BPF3_IN Pin=R16-1
Added Net: Name=BPF3_IN
Added Pin To Net: NetName=BPF3_OUT Pin=C8-2
Added Pin To Net: NetName=BPF3_OUT Pin=R11-1
Added Pin To Net: NetName=BPF3_OUT Pin=R15-2
Added Pin To Net: NetName=BPF3_OUT Pin=TP4-1
Added Pin To Net: NetName=BPF3_OUT Pin=U2-7
Added Net: Name=BPF3_OUT
Added Pin To Net: NetName=GND Pin=C1-2
Added Pin To Net: NetName=GND Pin=C5-2
Added Pin To Net: NetName=GND Pin=C6-2
Added Pin To Net: NetName=GND Pin=C11-2
Added Pin To Net: NetName=GND Pin=R1-2
Added Pin To Net: NetName=GND Pin=R12-2
Added Pin To Net: NetName=GND Pin=R19-2
Added Pin To Net: NetName=GND Pin=R20-2
Added Pin To Net: NetName=GND Pin=U1-3
Added Pin To Net: NetName=GND Pin=U1-5
Added Pin To Net: NetName=GND Pin=U2-3
Added Pin To Net: NetName=GND Pin=U2-5
Added Pin To Net: NetName=GND Pin=XH1-2
Added Net: Name=GND
Added Pin To Net: NetName=IV_IN Pin=R6-2
Added Pin To Net: NetName=IV_IN Pin=TP3-1
Added Net: Name=IV_IN
Added Pin To Net: NetName=IV_OUT Pin=C2-1
Added Pin To Net: NetName=IV_OUT Pin=R1-1
Added Pin To Net: NetName=IV_OUT Pin=R2-1
Added Pin To Net: NetName=IV_OUT Pin=R3-2
Added Pin To Net: NetName=IV_OUT Pin=R4-2
Added Pin To Net: NetName=IV_OUT Pin=TP1-1
Added Net: Name=IV_OUT
Added Pin To Net: NetName=NetC2_2 Pin=C2-2
Added Pin To Net: NetName=NetC2_2 Pin=R4-1
Added Pin To Net: NetName=NetC2_2 Pin=R6-1
Added Pin To Net: NetName=NetC2_2 Pin=U1-2
Added Net: Name=NetC2_2
Added Pin To Net: NetName=NetC3_1 Pin=C3-1
Added Pin To Net: NetName=NetC3_1 Pin=C4-2
Added Pin To Net: NetName=NetC3_1 Pin=R8-2
Added Pin To Net: NetName=NetC3_1 Pin=R10-1
Added Net: Name=NetC3_1
Added Pin To Net: NetName=NetC4_1 Pin=C4-1
Added Pin To Net: NetName=NetC4_1 Pin=R7-1
Added Pin To Net: NetName=NetC4_1 Pin=U1-6
Added Net: Name=NetC4_1
Added Pin To Net: NetName=NetC7_2 Pin=C7-2
Added Pin To Net: NetName=NetC7_2 Pin=C9-1
Added Pin To Net: NetName=NetC7_2 Pin=R14-1
Added Pin To Net: NetName=NetC7_2 Pin=R17-1
Added Net: Name=NetC7_2
Added Pin To Net: NetName=NetC8_1 Pin=C8-1
Added Pin To Net: NetName=NetC8_1 Pin=C10-2
Added Pin To Net: NetName=NetC8_1 Pin=R16-2
Added Pin To Net: NetName=NetC8_1 Pin=R18-1
Added Net: Name=NetC8_1
Added Pin To Net: NetName=NetC9_2 Pin=C9-2
Added Pin To Net: NetName=NetC9_2 Pin=R13-1
Added Pin To Net: NetName=NetC9_2 Pin=U2-2
Added Net: Name=NetC9_2
Added Pin To Net: NetName=NetC10_1 Pin=C10-1
Added Pin To Net: NetName=NetC10_1 Pin=R15-1
Added Pin To Net: NetName=NetC10_1 Pin=U2-6
Added Net: Name=NetC10_1
Added Pin To Net: NetName=NetR3_1 Pin=R3-1
Added Pin To Net: NetName=NetR3_1 Pin=U1-1
Added Net: Name=NetR3_1
Added Pin To Net: NetName=NetR10_2 Pin=R10-2
Added Pin To Net: NetName=NetR10_2 Pin=R12-1
Added Net: Name=NetR10_2
Added Pin To Net: NetName=NetR17_2 Pin=R17-2
Added Pin To Net: NetName=NetR17_2 Pin=R19-1
Added Net: Name=NetR17_2
Added Pin To Net: NetName=NetR18_2 Pin=R18-2
Added Pin To Net: NetName=NetR18_2 Pin=R20-1
Added Net: Name=NetR18_2
