Change Physical Footprint: Designator=C1 Old Footprint=0603C New Footprint=0603C
Change Physical Footprint: Designator=C2 Old Footprint=0603C New Footprint=0603C
Change Physical Footprint: Designator=C3 Old Footprint=1206C New Footprint=1206C
Change Physical Footprint: Designator=C4 Old Footprint=1206C New Footprint=1206C
Change Physical Footprint: Designator=C5 Old Footprint=0603C New Footprint=0603C
Change Physical Footprint: Designator=C6 Old Footprint=0603C New Footprint=0603C
Change Physical Footprint: Designator=C7 Old Footprint=1206C New Footprint=1206C
Change Physical Footprint: Designator=C8 Old Footprint=1206C New Footprint=1206C
Change Physical Footprint: Designator=C9 Old Footprint=1206C New Footprint=1206C
Change Physical Footprint: Designator=C10 Old Footprint=1206C New Footprint=1206C
Change Physical Footprint: Designator=C11 Old Footprint=0603C New Footprint=0603C
Change Physical Footprint: Designator=R1 Old Footprint=0603R New Footprint=0603R
Change Physical Footprint: Designator=R2 Old Footprint=0603R New Footprint=0603R
Change Physical Footprint: Designator=R3 Old Footprint=0603R New Footprint=0603R
Change Physical Footprint: Designator=R4 Old Footprint=0603R New Footprint=0603R
Change Physical Footprint: Designator=R5 Old Footprint=0603R New Footprint=0603R
Change Physical Footprint: Designator=R6 Old Footprint=0603R New Footprint=0603R
Change Physical Footprint: Designator=R7 Old Footprint=0603R New Footprint=0603R
Change Physical Footprint: Designator=R8 Old Footprint=0603R New Footprint=0603R
Change Physical Footprint: Designator=R9 Old Footprint=0603R New Footprint=0603R
Change Physical Footprint: Designator=R10 Old Footprint=0603R New Footprint=0603R
Change Physical Footprint: Designator=R11 Old Footprint=0603R New Footprint=0603R
Change Physical Footprint: Designator=R12 Old Footprint=0603R New Footprint=0603R
Change Physical Footprint: Designator=R13 Old Footprint=0603R New Footprint=0603R
Change Physical Footprint: Designator=R14 Old Footprint=0603R New Footprint=0603R
Change Physical Footprint: Designator=R15 Old Footprint=0603R New Footprint=0603R
Change Physical Footprint: Designator=R16 Old Footprint=0603R New Footprint=0603R
Change Physical Footprint: Designator=R17 Old Footprint=0603R New Footprint=0603R
Change Physical Footprint: Designator=R18 Old Footprint=0603R New Footprint=0603R
Change Physical Footprint: Designator=R19 Old Footprint=0603R New Footprint=0603R
Change Physical Footprint: Designator=R20 Old Footprint=0603R New Footprint=0603R
Change Physical Footprint: Designator=TP1 Old Footprint=TP New Footprint=TP
Change Physical Footprint: Designator=TP2 Old Footprint=TP New Footprint=TP
Change Physical Footprint: Designator=TP3 Old Footprint=TP New Footprint=TP
Change Physical Footprint: Designator=TP4 Old Footprint=TP New Footprint=TP
Change Physical Footprint: Designator=TP5 Old Footprint=TP New Footprint=TP
Change Physical Footprint: Designator=U1 Old Footprint=SOP8 New Footprint=SOP8
Change Physical Footprint: Designator=U2 Old Footprint=SOP8 New Footprint=SOP8
Change Physical Footprint: Designator=XH1 Old Footprint=XH3/2.54mm/180 New Footprint=XH3/2.54mm/180
